2015-08-27 03:44:27 [Method] : Connect
2015-08-27 03:44:27 [Exception] : CommunicationException
2015-08-27 03:45:06 [Method] : Connect
2015-08-27 03:45:06 [Exception] : CommunicationException
2015-08-27 03:46:25 [Method] : Connect
2015-08-27 03:46:25 [Exception] : CommunicationException
2015-08-27 03:48:04 [Method] : Connect
2015-08-27 03:48:04 [Exception] : CommunicationException
2015-08-27 03:53:08 [Method] : Connect
2015-08-27 03:53:08 [Exception] : CommunicationException
2015-08-27 03:53:16 [Method] : StopLiveView
2015-08-27 03:53:16 [Method] : Disconnect
2015-08-27 04:44:42 [Method] : Connect
2015-08-27 04:44:42 [Exception] : CommunicationException
2015-08-27 04:44:48 [Method] : StopLiveView
2015-08-27 04:44:48 [Method] : Disconnect
2015-08-27 04:45:15 [Method] : Connect
2015-08-27 04:45:15 [Exception] : CommunicationException
2015-08-27 04:45:17 [Method] : StopLiveView
2015-08-27 04:45:17 [Method] : Disconnect
2015-08-27 04:46:31 [Method] : StopLiveView
2015-08-27 04:46:31 [Method] : Disconnect
2015-08-27 04:47:15 [Method] : Connect
2015-08-27 04:47:15 [Exception] : CommunicationException
2015-08-27 04:47:16 [Method] : StopLiveView
2015-08-27 04:47:16 [Method] : Disconnect
2015-08-27 04:47:22 [Method] : Connect
2015-08-27 04:47:22 [Exception] : CommunicationException
2015-08-27 04:47:25 [Method] : StopLiveView
2015-08-27 04:47:25 [Method] : Disconnect
2015-08-27 04:47:30 [Method] : StopLiveView
2015-08-27 04:47:30 [Method] : Disconnect
2015-08-27 04:47:31 [Method] : StopLiveView
2015-08-27 04:47:31 [Method] : Disconnect
2015-08-27 04:50:08 [Method] : Connect
2015-08-27 04:50:08 [Exception] : CommunicationException
2015-08-27 04:50:44 [Method] : StopLiveView
2015-08-27 04:50:44 [Method] : Disconnect
2015-09-01 17:27:45 [Method] : StopLiveView
2015-09-01 17:27:45 [Method] : Disconnect
2015-09-09 08:15:59 [Method] : Connect
2015-09-09 08:16:01 [Exception] : CommunicationException
2015-09-09 08:16:12 [Method] : StopLiveView
2015-09-09 08:16:12 [Method] : Disconnect
2015-09-09 08:47:38 [Method] : Connect
2015-09-09 08:47:38 [Exception] : CommunicationException
2015-09-09 08:48:33 [Method] : Connect
2015-09-09 08:48:33 [Exception] : CommunicationException
2015-09-09 08:48:34 [Method] : StopLiveView
2015-09-09 08:48:34 [Method] : Disconnect
2015-09-09 08:52:30 [Method] : StopLiveView
2015-09-09 08:52:30 [Method] : Disconnect
2015-09-09 08:52:48 [Method] : StopLiveView
2015-09-09 08:52:48 [Method] : Disconnect
2015-09-09 08:52:49 [Method] : StopLiveView
2015-09-09 08:52:49 [Method] : Disconnect
2015-09-09 08:56:04 [Method] : Connect
2015-09-09 08:56:04 [Exception] : CommunicationException
2015-09-09 08:56:08 [Method] : StopLiveView
2015-09-09 08:56:08 [Method] : Disconnect
2015-09-09 08:56:43 [Method] : Connect
2015-09-09 08:56:43 [Exception] : CommunicationException
2015-09-09 08:56:53 [Method] : StopLiveView
2015-09-09 08:56:53 [Method] : Disconnect
2015-09-09 09:01:41 [Method] : Connect
2015-09-09 09:01:41 [Exception] : CommunicationException
2015-09-09 09:03:20 [Method] : Connect
2015-09-09 09:03:20 [Exception] : CommunicationException
2015-09-09 09:03:25 [Method] : StopLiveView
2015-09-09 09:03:25 [Method] : Disconnect
2015-09-09 09:03:51 [Method] : Connect
2015-09-09 09:03:51 [Exception] : CommunicationException
2015-09-09 09:03:54 [Method] : StopLiveView
2015-09-09 09:03:54 [Method] : Disconnect
2015-09-09 09:08:03 [Method] : Connect
2015-09-09 09:08:03 [Exception] : CommunicationException
2015-09-09 09:08:28 [Method] : StopLiveView
2015-09-09 09:08:28 [Method] : Disconnect
2015-09-09 12:10:22 [Method] : Connect
2015-09-09 12:10:22 [Exception] : CommunicationException
2015-09-09 12:11:14 [Method] : Connect
2015-09-09 12:11:14 [Exception] : CommunicationException
2015-09-09 12:11:20 [Method] : StopLiveView
2015-09-09 12:11:20 [Method] : Disconnect
2015-09-09 12:12:09 [Method] : Connect
2015-09-09 12:12:09 [Exception] : CommunicationException
2015-09-09 12:12:48 [Method] : Connect
2015-09-09 12:12:48 [Exception] : CommunicationException
2015-09-09 12:12:51 [Method] : StopLiveView
2015-09-09 12:12:51 [Method] : Disconnect
2015-09-09 12:12:52 [Method] : StopLiveView
2015-09-09 12:12:52 [Method] : Disconnect
2015-09-09 12:14:04 [Method] : Connect
2015-09-09 12:14:04 [Exception] : CommunicationException
2015-09-09 12:14:13 [Method] : StopLiveView
2015-09-09 12:14:13 [Method] : Disconnect
2015-09-09 12:15:28 [Method] : Connect
2015-09-09 12:15:28 [Exception] : CommunicationException
2015-09-09 12:15:37 [Method] : StopLiveView
2015-09-09 12:15:37 [Method] : Disconnect
2015-09-09 12:21:41 [Method] : Connect
2015-09-09 12:21:42 [Exception] : CommunicationException
2015-09-09 12:29:49 [Method] : Connect
2015-09-09 12:29:49 [Exception] : CommunicationException
2015-09-09 12:30:18 [Method] : StopLiveView
2015-09-09 12:30:18 [Method] : Disconnect
2015-09-09 12:31:17 [Method] : Connect
2015-09-09 12:31:17 [Exception] : CommunicationException
2015-09-09 12:31:20 [Method] : StopLiveView
2015-09-09 12:31:20 [Method] : Disconnect
2015-09-09 12:32:13 [Method] : Connect
2015-09-09 12:32:13 [Exception] : CommunicationException
2015-09-09 12:33:08 [Method] : Connect
2015-09-09 12:33:08 [Exception] : CommunicationException
2015-09-09 12:34:13 [Method] : Connect
2015-09-09 12:34:13 [Exception] : CommunicationException
2015-09-09 12:38:25 [Method] : Connect
2015-09-09 12:38:25 [Exception] : CommunicationException
2015/09/09 15:22:15 [Method] : Connect
2015/09/09 15:22:16 [Exception] : CommunicationException
2015/09/09 15:22:55 [Method] : StopLiveView
2015/09/09 15:22:55 [Method] : Disconnect
2015/09/09 15:23:05 [Method] : Connect
2015/09/09 15:23:06 [Exception] : CommunicationException
2015/09/09 15:59:59 [Method] : Connect
2015/09/09 16:00:01 [Exception] : CommunicationException
2015/09/09 16:03:46 [Method] : StopLiveView
2015/09/09 16:03:46 [Method] : Disconnect
2015/09/09 16:04:51 [Method] : Connect
2015/09/09 16:04:52 [Exception] : CommunicationException
2015/09/09 16:05:23 [Method] : StopLiveView
2015/09/09 16:05:23 [Method] : Disconnect
